<?xml version="1.0" encoding="UTF-8"?>
<testsuite xmlns:xsi="http://www.w3.org/2001/XMLSchema-instance" xsi:noNamespaceSchemaLocation="https://maven.apache.org/surefire/maven-surefire-plugin/xsd/surefire-test-report.xsd" name="Usertest" time="0.04" tests="1" errors="1" skipped="0" failures="0">
  <properties>
[...]
</properties>
  <testcase name="testgetuser" classname="Usertest" time="0.032">
    <error type="java.lang.NullPointerException">java.lang.NullPointerException
	at Usertest.testgetuser(Usertest.java:28)
</error>
  </testcase>
</testsuite>